-32760 -32760 -32760
-1810 572 261
-1362 390 216
-1366 384 233
-1360 383 231
-1354 379 235
-1357 380 244
-1368 389 253
-1366 387 248
-1367 398 275
-1387 426 278
-1382 426 274
-1383 434 280
-1385 433 281
-1390 451 283
-1402 463 295
-1408 493 316
-1416 501 322
-1417 468 323
-1396 459 329
-1395 446 344
-1384 463 354
-1375 454 371
-1363 486 391
-1369 450 389
-1365 413 388
-1347 379 404
-1355 369 412
-1351 344 389
-1355 335 396
-1335 325 374
-1315 318 365
-1294 278 350
-1286 271 337
-1282 272 317
-1281 256 335
-1272 305 333
-1286 324 334
-1305 337 356
-1283 343 335
-1290 300 348
-1290 295 336
-1288 294 338
-1291 262 342
-1286 257 348
-1281 260 343
-1275 271 363
-1297 349 379
-1298 381 387
-1314 409 381
-1305 388 376
-1305 370 376
-1320 376 371
-1321 377 380
-1312 426 405
-1336 436 406
-1337 440 418
-1341 437 406
-1310 409 410
-1317 387 412
-1308 397 408
-1309 414 409
-1301 407 402
-1300 394 420
-1302 387 421
-1302 399 425
-1312 389 434
-1296 401 430
-1301 389 429
-1317 364 429
-1301 360 434
-1304 350 426
-1314 337 431
-1307 352 428
-1318 372 430
-1316 387 433
-1324 385 426
-1311 389 422
-1315 361 411
-1304 344 402
-1316 328 385
-1312 324 389
-1327 321 406
-1334 369 410
-1340 383 409
-1337 379 399
-1336 365 397
-1345 325 380
-1337 318 387
-1346 326 383
-1356 338 382
-1357 351 381
-1368 364 396
-1369 351 390
-1376 354 395
-1360 308 388
-1360 296 377
-1344 298 371
-1351 317 390
-1343 319 392
-1349 317 401
-1349 314 402
-1336 296 390
-1352 293 393
-1351 297 390
-1360 312 393
-1344 332 397
-1345 325 383
-1327 349 388
-1357 370 375
-1342 347 387
-1359 332 367
-1351 329 362
-1338 324 370
-1346 324 378
-1338 338 389
-1343 332 366
-1339 323 371
-1334 308 368
-1341 312 362
-1335 312 366
-1325 299 354
-1319 311 354
-1343 312 355
-1335 331 363
-1350 333 367
-1347 336 366
-1366 324 368
-1359 333 370
-1358 313 361
-1358 308 366
-1351 295 358
-1340 302 354
-1348 303 346
-1343 308 353
-1359 302 365
-1367 309 360
-1357 311 360
-1372 293 354
-1375 285 360
-1374 265 361
-1394 278 346
-1390 272 358
-1385 283 338
-1380 291 351
-1378 280 344
-1357 276 321
-1348 267 326
-1365 255 318
-1367 268 312
-1352 264 321
-1361 275 316
-1350 260 327
-1353 262 321
-1346 256 312
-1361 247 328
-1366 261 329
-1375 276 323
-1379 300 345
-1390 323 325
-1392 307 337
-1379 319 338
-1381 293 344
-1386 286 347
-1392 296 356
-1398 284 351
-1394 294 362
-1399 294 347
-1372 299 346
-1379 309 342
-1370 304 343
-1372 294 350
-1370 279 349
-1360 273 345
-1364 279 353
-1362 264 363
-1365 269 350
-1372 279 363
-1361 293 328
-1366 294 327
-1361 296 322
-1368 283 311
-1366 288 323
-1370 285 312
-1370 283 315
-1382 288 327
-1376 283 324
-1376 286 338
-1378 268 325
-1371 266 324
-1378 256 335
-1378 252 335
-1379 262 332
-1374 257 339
-1382 278 352
-1384 315 357
-1367 315 358
-1373 311 365
-1375 296 355
-1363 254 356
-1372 245 355
-1358 238 345
-1359 237 353
-1356 252 365
-1366 243 345
-1364 235 362
-1362 246 356
-1333 233 346
-1338 238 339
-1338 237 347
-1314 263 346
-1323 267 349
-1330 272 359
-1336 290 355
-1368 288 360
-1351 282 355
-1355 292 359
-1356 279 345
-1348 290 365
-1353 295 357
-1341 299 361
-1361 301 373
-1366 305 367
-1352 293 356
-1352 297 366
-1357 291 358
-1358 285 364
-1363 286 361
-1353 282 369
-1353 279 359
-1349 266 361
-1349 263 359
-1348 247 348
-1356 252 358
-1355 263 357
-1360 260 366
-1368 252 357
-1365 253 371
-1377 246 356
-1359 243 353
-1353 235 355
-1350 238 365
-1343 243 349
-1346 224 340
-1339 231 338
-1352 234 340
-1346 220 345
-1345 218 345
-1346 232 336
-1346 220 337
-1350 221 336
-1329 198 331
-1348 202 327
-1335 192 328
-1322 180 324
-1322 183 349
-1327 236 349
-1364 271 369
-1362 328 374
-1361 324 376
-1370 303 355
-1338 294 352
-1359 258 340
-1361 274 338
-1355 291 340
-1363 303 342
-1358 340 339
-1358 372 337
-1348 373 340
-1335 362 330
-1326 359 337
-1328 343 320
-1319 354 324
-1333 383 325
-1340 385 322
-1358 377 328
-1342 382 332
-1345 377 328
-1357 380 338
-1355 412 342
-1360 402 338
-1335 399 332
-1352 388 323
-1355 402 322
-1346 393 329
-1361 399 324
-1363 409 324
-1350 411 314
-1357 416 304
-1363 411 289
-1369 408 296
-1362 408 283
-1370 426 270
-1388 447 280
-1408 475 281
-1415 493 289
-1415 487 283
-1405 484 277
-1392 476 271
-1379 496 258
-1336 505 251
-1341 528 257
-1333 540 248
-1339 550 244
-1350 552 249
-1362 548 251
-1379 543 263
-1413 541 278
-1413 556 279
-1439 541 297
-1422 550 300
-1381 536 304
-1365 542 309
-1356 566 320
-1323 580 332
-1315 587 343
-1311 604 331
-1323 615 325
-1315 623 322
-1301 618 357
-1301 606 351
-1300 590 359
-1318 555 391
-1343 535 399
-1347 538 407
-1320 538 421
-1330 557 420
-1314 551 408
-1293 550 398
-1279 538 396
-1260 548 404
-1528 545 395
-1333 592 429
-1334 602 436
-1345 578 432
-1375 539 427
-1344 434 376
-1336 361 361
-1350 205 271
-1512 161 240
-1620 157 226
-1586 173 190
-1535 160 151
-1374 185 138
-1292 196 155
-1203 207 263
-1196 224 321
-1213 171 371
-1235 102 377
-1243 40 316
-1233 -90 276
-1243 -91 252
-1325 -7 233
-1393 60 232
-1461 192 240
-1543 235 245
-1541 267 272
-1483 289 278
-1443 307 296
-1377 290 328
-1360 304 340
-1365 289 354
-1348 288 387
-1384 286 406
-1403 294 391
-1397 285 398
-1421 272 375
-1421 275 367
-1419 324 353
-1424 342 355
-1421 388 369
-1407 435 362
-1373 450 374
-1382 446 394
-1391 429 398
-1372 380 407
-1351 380 413
-1320 382 378
-1278 388 387
-1255 398 371
-1268 418 369
-1289 448 381
-1316 487 393
-1340 527 401
-1370 601 432
-1450 632 445
-1500 652 448
-1704 620 417
-1814 605 425
-1945 652 473
-1929 682 502
-1609 750 513
-1665 773 481
-1557 740 416
-1365 672 383
-1253 628 360
-1060 526 312
-921 524 318
-887 474 327
-865 485 306
-952 756 301
-1127 539 303
-1251 545 284
-1508 601 309
-1620 593 303
-1690 587 337
-1753 579 318
-1747 530 302
-1744 490 273
-1715 464 234
-1637 430 233
-1591 430 223
-1537 426 212
-1522 415 205
-1505 434 194
-1520 407 204
-1520 386 197
-1522 363 197
-1516 334 196
-1502 293 213
-1499 290 215
-1478 285 212
-1440 275 227
-1414 281 224
-1324 318 230
-1309 319 230
-1280 308 249
-1296 292 244
-1300 275 242
-1317 263 236
-1324 0 237
-1341 230 246
-1335 224 241
-1297 177 252
-1321 172 252
-1669 95 217
-1681 95 226
-1749 108 249
-1722 104 233
-1641 142 260
-1431 176 241
-1291 205 243
-1099 282 299
-996 309 322
-971 358 378
-1079 356 398
-1212 306 423
-1426 190 402
-1528 117 379
-1632 73 357
-1645 65 349
-1581 115 326
-1494 168 298
-1437 472 300
-1392 351 294
-1376 362 289
-1410 409 290
-1439 411 291
-1442 395 276
-1479 430 300
-1505 460 300
-1498 526 315
-1477 524 321
-1453 489 314
-1440 471 314
-1442 436 300
-1441 427 298
-1423 439 294
-1419 473 313
-1427 504 329
-1412 520 354
-1383 535 359
-1370 596 383
-1352 627 386
-1355 672 421
-1339 686 430
-1340 721 466
-1344 752 486
-1355 751 506
-1484 734 513
-1569 713 499
-1678 740 572
-1778 765 587
-1801 760 596
-1772 742 563
-1695 715 271
-1519 619 462
-1416 595 421
-1093 591 394
-1212 542 361
-1188 517 302
-1171 562 276
-1210 548 6
-1300 552 228
-1350 563 215
-1412 594 231
-1499 604 225
-1527 629 199
-1614 590 202
-1649 574 202
-1665 558 214
-1668 516 235
-1620 476 231
-1615 468 219
-1580 421 191
-1554 413 191
-1531 403 182
-1483 401 180
-1456 387 176
-1460 393 182
-1461 388 213
-1449 362 208
-1424 323 208
-1394 299 182
-1324 240 180
-1308 227 187
-1276 225 185
-1277 212 180
-1286 242 209
-1307 230 213
-1330 218 205
-1359 201 204
-1361 195 193
-1581 132 153
-1756 99 164
-1848 132 191
-1804 141 174
-1713 158 199
-1440 234 233
-1331 252 286
-1168 271 337
-1119 296 370
-1108 292 427
-1184 276 439
-1277 252 459
-1467 220 427
-1515 204 386
-1557 175 367
-1512 167 345
-1399 182 318
-1365 181 319
-1341 183 357
-1344 198 366
-1368 214 391
-1379 228 397
-1383 258 380
-1425 319 391
-1427 334 383
-1452 385 375
-1473 406 376
-1479 409 364
-1524 417 407
-1485 452 398
-1470 497 406
-1446 540 420
-1398 550 394
-1357 570 378
-1336 588 380
-1282 633 393
-1258 653 436
-1226 687 438
-1218 699 444
-1215 713 467
-1236 723 484
-1270 753 510
-1356 753 529
-1429 725 493
-1652 721 499
-1760 758 525
-1898 819 597
-1885 853 642
-1566 853 651
-1650 804 585
-1563 748 483
-1404 631 412
-1317 604 346
-1221 560 282
-1188 558 257
-1199 560 235
-1259 550 226
-1306 579 249
-1474 583 258
-1526 581 258
-1626 605 265
-1663 609 255
-1704 604 270
-1735 597 288
-1752 509 288
-1727 455 277
-1707 393 235
-1654 348 218
-1632 328 211
-1590 315 190
-1562 287 184
-1531 253 164
-1461 262 159
-1444 257 154
-1363 280 153
-1339 281 168
-1312 275 180
-1329 265 198
-1341 252 210
-1359 235 219
-1347 212 218
-1344 190 226
-1328 174 229
-1304 200 216
-1286 195 221
-1271 207 220
-1279 177 222
-1347 157 219
-1566 131 249
-1651 118 263
-1696 96 263
-1668 111 251
-1316 194 276
-1286 245 282
-1148 299 317
-988 366 351
-982 371 414
-1029 373 449
-1119 354 482
-1322 288 481
-1423 237 477
-1547 186 429
-1723 169 392
-1715 181 347
-1604 200 321
-1519 218 318
-1442 313 305
-1384 342 323
-1393 426 347
-1393 452 374
-1409 468 401
-1432 497 399
-1449 520 392
-1450 557 380
-1437 564 389
-1445 581 384
-1413 600 428
-1383 648 431
-1340 674 435
-1294 696 450
-1224 683 461
-1218 682 460
-1223 651 440
-1248 662 454
-1261 736 498
-1398 719 531
-1433 705 545
-1498 618 543
-1512 585 519
-1568 523 486
-1572 568 491
-1571 662 504
-1541 709 520
-1541 752 539
-1489 810 536
-1450 812 270
-1382 782 487
-1369 739 479
-1325 701 445
-1264 674 448
-1231 638 403
-1219 622 404
-1242 627 380
-1288 617 342
-1321 619 295
-1390 595 233
-1563 570 201
-1626 575 164
-1800 566 172
-1837 572 210
-1856 617 267
-1861 613 282
-1851 605 339
-1794 538 345
-1759 408 323
-1648 368 304
-1607 354 282
-1572 329 265
-1564 317 257
-1559 315 215
-1558 288 202
-1514 234 172
-1455 227 144
-1412 193 116
-1320 165 98
-1288 171 99
-1229 172 110
-1206 189 118
-1206 188 173
-1185 217 218
-1159 229 279
-1175 256 295
-1191 241 311
-1175 274 357
-1183 269 348
-1183 264 393
-1169 269 404
-1169 279 421
-1173 334 435
-1173 338 444
-1140 382 477
-1133 429 481
-1114 508 484
-1102 543 478
-1077 631 500
-1051 709 506
-1084 746 518
-1120 818 513
-1135 818 519
-1179 815 520
-1205 834 526
-1206 829 523
-1217 834 541
-1200 826 545
-1192 800 553
-1186 781 557
-1203 731 547
-1223 711 537
-1238 659 515
-1240 637 503
-1247 610 490
-1242 576 485
-1239 571 463
-1224 553 453
-1221 567 440
-1232 566 425
-1229 548 412
-1236 541 422
-1240 512 405
-1241 490 409
-1280 470 399
-1304 469 393
-1305 476 395
-1292 494 397
-1286 514 382
-1289 519 377
-1304 530 362
-1310 494 350
-1319 502 337
-1348 481 321
-1348 498 319
-1355 549 309
-1339 539 328
-1335 573 310
-1316 561 318
-1338 572 314
-1344 574 308
-1337 565 308
-1322 540 306
-1344 528 304
-1358 537 302
-1366 520 314
-1365 520 312
-1363 518 294
-1366 525 300
-1367 517 289
-1379 521 297
-1380 502 272
-1396 484 261
-1404 479 254
-1404 479 235
-1390 467 242
-1390 453 208
-1374 441 207
-1369 428 186
-1354 434 170
-1345 423 165
-1347 432 137
-1346 424 132
-1362 445 127
-1380 446 130
-1389 446 95
-1390 450 103
-1387 433 79
-1362 439 70
-1347 444 57
-1337 448 45
-1336 462 56
-1321 452 35
-1356 457 27
-1360 461 11
-1377 470 -9
-1373 472 -14
-1416 486 -38
-1437 486 -51
-1461 523 -57
-1468 540 -60
-1475 570 -77
-1428 610 -80
-1415 592 -73
-1354 609 -76
-1330 600 -64
-1315 592 -59
-1294 595 -44
-1290 600 -22
-1325 612 8
-1343 611 17
-1373 587 19
-1387 569 34
-1400 535 23
-1425 541 22
-1453 536 24
-1434 529 36
-1432 527 45
-1414 545 55
-1399 544 90
-1358 573 104
-1350 567 119
-1342 538 147
-1368 521 159
-1376 524 194
-1425 535 197
-1429 535 211
-1413 549 255
-1405 570 258
-1398 629 280
-1376 649 302
-1370 670 328
-1406 726 337
-1413 758 351
-1432 818 346
-1467 848 340
-1451 876 345
-1413 891 340
-1380 881 343
-1313 882 361
-1267 871 364
-1248 854 363
-1248 837 371
-1245 812 341
-1285 778 353
-1328 767 317
-1430 745 297
-1471 730 266
-1495 706 242
-1482 685 241
-1492 695 232
-1502 690 238
-1499 676 222
-1496 661 214
-1500 636 206
-1512 627 206
-1535 621 203
-1542 626 183
-1550 611 187
-1541 601 185
-1548 573 188
-1546 552 197
-1533 496 176
-1523 465 182
-1499 426 171
-1494 404 181
-1477 396 161
-1422 395 171
-1396 406 171
-1354 408 169
-1344 382 180
-1316 366 186
-1286 357 186
-1278 315 200
-1256 305 199
-1264 308 234
-1290 301 228
-1286 306 232
-1320 298 222
-1349 295 226
-1463 275 189
-1550 242 160
-1654 252 155
-1641 260 153
-1541 250 146
-1372 262 147
-1328 283 181
-1237 309 230
-1212 350 267
-1173 412 326
-1155 406 325
-1185 393 303
-1314 315 282
-1376 304 15
-1498 246 235
-1534 255 235
-1541 287 234
-1544 322 237
-1541 340 252
-1490 391 240
-1465 390 251
-1421 374 268
-1396 367 257
-1362 348 233
-1353 341 223
-1334 354 235
-1339 347 223
-1354 356 246
-1359 344 236
-1369 339 233
-1380 349 213
-1383 383 221
-1380 431 230
-1369 441 226
-1359 449 244
-1340 495 235
-1322 510 237
-1309 536 257
-1296 568 267
-1299 564 318
-1314 535 332
-1269 545 357
-1296 534 372
-1283 549 379
-1339 562 380
-1363 562 380
-1403 580 348
-1587 577 334
-1734 591 346
-1927 707 398
-1888 769 416
-1660 845 426
-1554 846 411
-1456 779 364
-1323 699 338
-1318 643 301
-1291 640 291
-1315 660 267
-1316 651 265
-1342 655 266
-1392 650 258
-1425 638 276
-1436 630 279
-1427 616 280
-1439 597 259
-1456 533 258
-1477 513 252
-1501 457 233
-1516 439 212
-1524 421 189
-1539 422 199
-1541 426 184
-1557 429 200
-1564 421 189
-1540 410 179
-1512 395 167
-1472 383 160
-1400 368 158
-1376 369 150
-1334 348 164
-1319 328 172
-1322 308 182
-1334 290 182
-1388 279 212
-1426 270 208
-1437 246 196
-1443 231 196
-1432 242 198
-1385 238 195
-1371 248 191
-1483 186 161
-1588 170 153
-1697 186 198
-1646 203 178
-1586 216 171
-1426 273 195
-1324 306 224
-1149 353 289
-1093 363 317
-1102 339 327
-1147 319 337
-1184 286 343
-1297 233 328
-1364 215 322
-1438 173 314
-1464 160 304
-1448 133 288
-1360 158 281
-1309 187 277
-1257 254 289
-1242 296 303
-1266 324 307
-1289 324 315
-1313 284 303
-1335 286 272
-1373 331 284
-1390 351 279
-1425 366 297
-1429 406 307
-1442 396 304
-1449 428 310
-1463 445 307
-1463 429 295
-1434 456 316
-1429 451 320
-1403 535 344
-1407 576 334
-1390 659 369
-1394 707 375
-1395 767 422
-1408 783 419
-1442 759 444
-1496 730 461
-1520 744 445
-1704 706 409
-1823 708 416
-1897 820 504
-1882 851 530
-1773 876 518
-1643 884 499
-1565 865 450
-1419 753 434
-1349 711 413
-1236 638 351
-1206 625 330
-1186 608 283
-1232 638 268
-1280 671 274
-1381 711 259
-1417 711 246
-1460 649 207
-1497 620 186
-1532 545 173
-1560 510 177
-1585 482 163
-1612 457 176
-1626 472 175
-1637 476 164
-1639 481 154
-1637 466 119
-1628 472 106
-1632 454 108
-1597 405 94
-1569 397 87
-1509 377 106
-1482 376 115
-1436 351 134
-1382 347 136
-1366 355 146
-1317 313 152
-1324 310 153
-1333 289 165
-1327 257 159
-1313 228 175
-1284 236 197
-1280 215 201
-1284 201 200
-1342 153 174
-1567 71 185
-1645 61 202
-1663 34 200
-1634 58 186
-1593 155 228
-1360 198 232
-1259 223 269
-1171 270 281
-1174 279 301
-1258 221 352
-1333 199 388
-1407 148 382
-1530 139 377
-1523 124 335
-1469 139 308
-1409 169 290
-1316 220 246
-1289 253 259
-1305 301 277
-1384 311 296
-1389 329 292
-1441 377 309
-1485 398 312
-1515 448 306
-1514 460 293
-1512 504 289
-1510 520 284
-1490 554 284
-1475 580 297
-1449 626 300
-1435 670 323
-1416 660 336
-1399 573 354
-1363 578 316
-1334 584 324
-1273 645 331
-1260 687 378
-1288 727 401
-1305 745 408
-1405 716 430
-1515 697 399
-1936 658 367
-1970 736 413
-2015 823 490
-1833 878 488
-1716 927 474
-1569 894 415
-1508 834 387
-1427 717 342
-1302 677 324
-1245 616 296
-1193 572 274
-1224 557 8
-1307 573 266
-1373 584 266
-1503 623 274
-1579 628 252
-1640 625 223
-1722 591 210
-1791 541 185
-1832 451 159
-1817 378 138
-1728 328 71
-1684 354 58
-1639 384 45
-1611 386 48
-1600 392 59
-1609 380 51
-1584 368 49
-1515 337 -1
-1475 322 2
-1451 310 19
-1397 283 16
-1383 510 43
-1322 250 8
-1309 254 32
-1318 228 52
-1343 222 72
-1356 188 82
-1360 152 88
-1372 145 115
-1330 123 119
-1344 91 126
-1519 8 106
-1673 -26 120
-1750 -44 135
-1784 -38 110
-1711 117 148
-1399 210 152
-1281 258 182
-1080 372 188
-1048 401 221
-1155 411 283
-1233 395 306
-1374 315 365
-1635 304 364
-1703 278 378
-1718 250 351
-1667 256 331
-1550 272 283
-1494 294 272
-1449 363 250
-1453 383 247
-1420 426 259
-1442 534 260
-1450 557 289
-1489 582 268
-1494 567 269
-1508 546 254
-1506 547 255
-1476 562 270
-1435 573 279
-1398 592 291
-1345 621 316
-1311 640 302
-1287 647 321
-1284 656 321
-1289 643 336
-1301 622 343
-1313 621 391
-1344 600 379
-1375 583 414
-1414 574 435
-1406 556 444
-1419 515 423
-1424 495 430
-1438 470 408
-1489 452 388
-1501 458 352
-1546 439 320
-1606 457 311
-1622 476 283
-1641 511 267
-1594 536 211
-1452 577 168
-1382 581 128
-1246 594 102
-1200 610 85
-1199 579 47
-1219 554 52
-1276 554 30
-1344 551 16
-1374 540 -253
-1429 498 -15
-1481 508 -15
-1508 538 8
-1552 543 -2
-1598 558 6
-1618 589 -22
-1629 599 -44
-1626 632 -58
-1617 636 -87
-1603 646 -92
-1591 632 -124
-1590 652 -133
-1565 649 -132
-1531 637 -157
-1509 640 -166
-1494 669 -166
-1474 688 -196
-1490 693 -192
-1471 714 -204
-1475 684 -230
-1458 686 -236
-1442 688 -251
-1435 680 -511
-1425 678 -264
-1409 683 -268
-1396 693 -267
-1399 701 -268
-1404 700 -236
-1434 691 -245
-1462 656 -189
-1467 582 -162
-1486 535 -141
-1471 481 -83
-1454 446 -44
-1452 437 43
-1443 425 60
-1427 430 91
-1434 434 127
-1431 419 133
-1433 463 185
-1428 469 204
-1425 509 235
-1434 528 265
-1456 531 294
-1493 566 308
-1524 549 319
-1529 526 346
-1538 494 359
-1544 467 366
-1536 446 375
-1542 458 379
-1505 481 389
-1472 504 400
-1435 566 434
-1445 590 424
-1409 589 458
-1371 584 474
-1362 559 499
-1311 504 511
-1280 485 509
-1252 444 498
-1252 436 506
-1267 408 513
-1250 392 507
-1230 369 503
-1212 352 518
-1198 328 531
-1166 291 544
-1146 287 559
-1085 281 591
-1079 273 609
-1052 279 632
-1047 279 620
-1044 281 634
-1059 292 631
-1060 296 638
-1051 309 640
-1061 318 642
-1051 370 653
-1044 379 658
-1047 381 684
-1059 392 673
-1077 407 688
-1110 375 715
-1115 378 706
-1149 367 700
-1149 379 686
-1164 414 687
-1126 418 671
-1102 442 656
-1076 462 655
-1084 471 642
-1111 513 651
-1124 514 663
-1134 532 628
-1171 513 640
-1168 521 623
-1148 524 623
-1155 519 614
-1201 531 587
-1218 508 577
-1245 505 553
-1301 514 553
-1299 500 551
-1259 514 529
-1251 505 269
-1234 509 498
-1248 509 488
-1250 511 488
-1229 519 471
-1207 524 492
-1198 482 512
-1189 484 460
-1162 489 432
-1142 513 414
-1146 557 412
-1208 536 396
-1247 547 377
-1309 556 386
-1343 576 373
-1363 566 378
-1361 585 379
-1326 592 377
-1308 607 381
-1299 578 364
-1303 584 358
-1296 565 368
-1303 570 367
-1314 569 369
-1320 561 385
-1319 560 391
-1342 559 391
-1377 550 399
-1385 539 388
-1387 548 399
-1389 519 389
-1367 532 392
-1344 537 392
-1326 537 383
-1312 540 382
-1290 526 364
-1283 541 371
-1277 517 363
-1302 503 347
-1290 477 348
-1285 489 359
-1278 465 358
-1279 501 379
-1283 510 383
-1275 508 395
-1262 502 395
-1250 485 402
-1260 469 397
-1247 477 403
-1251 473 414
-1265 481 411
-1273 472 409
-1258 463 420
-1260 457 417
-1252 464 413
-1264 478 416
-1240 469 398
-1260 472 412
-1256 475 395
-1259 488 395
-1272 464 403
-1287 465 396
-1276 468 398
-1291 481 401
-1272 468 393
-1275 474 401
-1267 479 405
-1264 485 395
-1265 467 396
-1262 448 397
-1031 432 397
-1272 433 394
-1272 502 409
-1283 503 414
-1278 565 445
-1308 546 432
-1312 524 439
-1314 498 428
-1303 475 435
-1289 456 407
-1280 443 413
-1280 462 412
-1291 472 408
-1294 481 417
-1284 434 407
-1287 419 389
-1293 396 391
-1285 410 376
-1300 409 380
-1292 464 375
-1289 479 372
-1287 481 352
-1285 481 371
-1288 452 366
-1270 460 366
-1298 464 373
-1280 438 398
-1293 442 389
-1285 425 393
-1287 441 404
-1294 438 411
-1292 439 402
-1283 424 406
-1292 438 399
-1287 449 403
-1302 453 387
-1306 456 384
-1293 447 395
-1308 440 392
-1310 434 389
-1308 434 390
-1298 442 387
-1301 428 393
-1303 422 379
-1292 426 402
-1296 404 408
-1302 414 407
-1311 433 418
-1311 422 413
-1310 429 403
-1309 445 420
-1299 469 413
-1300 476 413
-1283 477 419
-1289 470 407
-1288 455 394
-1308 440 407
-1305 445 399
-1304 434 396
-1317 431 381
-1310 437 390
-1291 439 381
-1284 417 365
-1295 434 384
-1292 438 380
-1307 441 401
-1299 440 388
-1294 425 406
-1302 439 410
-1301 429 396
-1298 434 404
-1316 444 384
-1313 466 383
-1317 471 395
-1301 446 378
-1297 469 390
-1295 440 401
-1299 422 389
-1298 418 386
-1294 432 392
-1286 422 378
-1291 402 375
-1286 415 358
-1283 421 377
-1304 423 377
-1309 440 388
-1310 437 385
-1289 442 406
-1300 445 396
-1301 449 399
-1300 448 367
-1344 423 358
-1292 378 370
-1293 376 352
-1311 389 362
-1286 418 364
-1318 437 406
-1334 462 423
-1340 458 440
-1340 462 446
-1310 478 449
-1318 484 448
-1296 483 436
-1295 493 410
-1309 484 407
-1296 458 397
-1319 426 390
-1317 403 393
-1319 400 384
-1294 403 381
-1298 393 370
-1292 402 373
-1301 383 385
-1302 393 370
-1306 384 377
-1312 399 376
-1309 392 387
-1308 424 388
-1313 445 378
-1308 435 394
-1312 425 415
-1297 413 408
-1310 407 411
-1316 415 406
-1319 420 404
-1311 410 388
-1302 406 387
-1300 423 381
-1305 420 367
-1302 395 397
-1306 378 397
-1307 378 402
-1305 371 402
-1320 393 391
-1321 404 396
-1314 403 396
-1299 422 397
-1302 437 411
-1305 448 399
-1307 448 399
-1298 437 383
-1306 440 394
-1303 428 392
-1291 425 393
-1304 428 401
-1292 403 383
-1295 398 379
-1306 413 398
-1301 421 402
-1304 427 412
-1306 409 416
-1303 395 401
-1302 387 398
-1299 380 399
-1304 391 390
-1304 386 399
-1303 390 398
-1297 414 409
-1305 414 398
-1304 428 397
-1302 431 399
-1299 440 413
-1303 439 420
-1305 426 424
-1316 426 426
-1315 427 399
-1310 415 392
-1302 412 395
-1289 407 372
-1294 427 393
-1295 436 353
-1309 361 363
-1272 381 384
-1296 373 391
-1311 374 411
-1302 410 429
-1325 411 448
-1320 406 443
-1326 418 443
-1306 438 435
-1299 446 436
-1311 446 412
-1312 425 407
-1307 445 317
-1373 311 268
-1196 343 363
-1254 260 348
-1298 312 371
-1320 364 399
-1324 473 469
-1346 487 483
-1352 467 485
-1326 466 486
-1309 464 454
-1289 457 448
-1292 466 429
-1285 434 430
-1301 434 430
-1304 434 394
-1298 439 402
-1317 423 389
-1313 418 388
-1326 419 395
-1301 396 377
-1290 396 373
-1291 382 378
-1297 385 379
-1293 391 371
-1288 404 375
-1299 394 394
-1292 417 398
-1299 432 392
-1291 438 402
-1302 426 393
-1296 435 416
-1307 429 423
-1307 431 421
-1299 438 414
-1315 444 410
-1309 430 413
-1298 431 407
-1300 443 404
-1302 450 409
-1303 431 397
-1300 417 402
-1291 418 396
-1298 404 394
-1288 421 398
-1281 433 407
-1280 435 407
-1285 440 413
-1311 435 402
-1295 414 411
-1292 417 412
-1301 419 398
-1288 418 401
-1294 416 412
-1295 421 428
-1293 414 440
-1287 416 430
-1305 425 419
-1309 417 424
-1296 423 412
-1303 425 411
-1296 419 411
-1289 427 411
-1285 427 404
-1293 426 412
-1287 438 398
-1300 442 406
-1308 445 407
-1303 420 404
-1297 431 409
-1288 424 399
-1296 420 421
-1301 416 427
-1298 430 416
-1307 408 433
-1304 420 434
-1297 404 420
-1301 410 424
-1303 413 417
-1298 406 426
-1302 423 405
-1303 418 370
-1339 384 350
-1251 381 422
-1305 387 410
-1300 413 418
-1305 452 447
-1304 448 462
-1305 437 456
-1305 431 449
-1292 462 448
-1291 468 435
-1285 394 313
-1274 361 313
-1247 359 374
-1273 343 377
-1273 378 421
-1316 394 467
-1308 432 499
-1331 436 515
-1314 438 490
-1302 443 466
-1293 471 454
-1283 469 448
-1282 454 418
-1287 470 439
-1280 469 434
-1279 466 434
-1299 474 442
-1302 462 424
-1300 442 410
-1300 417 400
-1295 389 389
-1289 371 390
-1301 366 394
-1294 372 381
-1289 362 411
-1298 375 424
-1295 382 425
-1279 380 442
-1284 398 427
-1285 391 435
-1289 394 437
-1294 403 447
-1277 415 437
-1279 421 446
-1287 415 424
-1290 409 442
-1304 410 428
-1309 412 439
-1292 404 427
-1304 400 422
-1312 397 418
-1311 396 425
-1299 404 434
-1308 399 427
-1294 410 450
-1296 425 443
-1299 434 443
-1299 425 450
-1289 438 442
-1278 456 436
-1263 453 414
-1267 448 425
-1291 452 426
-1291 454 410
-1291 452 415
-1290 433 426
-1277 420 429
-1291 406 438
-1292 393 442
-1310 405 433
-1294 382 440
-1292 373 418
-1289 363 414
-1286 368 422
-1293 387 408
-1291 399 434
-1290 389 425
-1296 377 441
-1288 385 427
-1297 392 453
-1299 394 451
-1288 384 444
-1306 407 450
-1292 403 442
-1297 393 456
-1298 419 453
-1296 402 451
-1299 376 453
-1309 360 442
-1309 341 431
-1295 358 440
-1285 340 428
-1300 357 451
-1300 381 461
-1308 402 468
-1309 383 469
-1304 385 455
-1303 382 473
-1300 388 463
-1294 383 465
-1311 387 452
-1297 406 456
-1280 405 453
-1286 402 456
-1297 397 446
-1290 399 456
-1283 411 440
-1289 390 428
-1281 396 428
-1280 385 431
-1279 388 432
-1279 402 431
-1276 396 438
-1268 388 441
-1277 398 442
-1283 412 452
-1283 419 447
-1267 408 446
-1281 408 441
-1275 396 457
-1283 391 464
-1285 422 459
-1266 429 464
-1289 427 461
-1274 410 464
-1281 419 460
-1287 434 398
-1292 380 374
-1190 315 404
-1263 308 391
-1287 314 398
-1284 391 462
-1291 393 478
-1299 421 486
-1304 473 498
-1295
