-727 720 933
-729 707 933
-716 678 925
-730 667 943
-723 657 953
-723 653 950
-710 631 933
-708 640 940
-710 652 933
-717 658 938
-713 652 913
-698 660 906
-722 636 926
-704 649 908
-717 659 912
-694 668 915
-693 673 898
-690 677 897
-697 677 902
-695 666 908
-698 676 905
-692 686 911
-697 695 906
-706 709 905
-701 724 906
-705 722 925
-693 730 918
-710 729 924
-716 707 928
-724 697 923
-700 717 907
-692 714 918
-691 741 897
-691 734 908
-701 728 904
-699 715 915
-713 721 894
-695 715 883
-688 725 890
-673 738 896
-668 733 889
-665 731 895
-661 726 888
-670 718 868
-670 719 863
-679 729 841
-674 732 850
-676 739 858
-674 736 853
-657 727 848
-652 717 830
-646 723 795
-634 728 780
-639 740 769
-640 753 754
-641 750 712
-643 756 682
-643 744 646
-661 714 655
-724 699 683
-713 704 649
-726 705 628
-735 688 633
-815 627 624
-840 610 632
-864 556 649
-855 530 643
-849 547 652
-843 575 678
-863 591 696
-906 584 706
-991 547 709
-1009 550 694
-1017 545 666
-974 523 634
-990 516 649
-977 483 641
-977 459 618
-969 381 612
-968 382 604
-994 384 592
-980 422 586
-1005 444 577
-1061 430 585
-1104 408 588
-1246 281 570
-1276 259 541
-1297 258 534
-1325 218 543
-1402 195 579
-1422 215 597
-1436 248 580
-1430 270 544
-1508 244 517
-1518 257 483
-1550 248 465
-1560 184 425
-1610 156 422
-1647 118 410
-1668 79 419
-1689 -2 371
-1686 -70 366
-1704 -166 345
-1721 -264 351
-1751 -315 353
-1724 -325 354
-1707 -338 350
-1699 -331 351
-1627 -296 365
-1604 -275 376
-1591 -226 390
-1586 -199 354
-1512 -214 343
-1491 -233 342
-1499 -270 348
-1522 -306 383
-1541 -287 383
-1540 -277 406
-1548 -265 380
-1511 -267 367
-1476 -282 348
-1455 -294 342
-1447 -307 337
-1446 -298 364
-1448 -264 374
-1485 -221 387
-1536 -164 394
-1540 -159 391
-1542 -134 389
-1561 -113 395
-1588 -94 404
-1574 -85 388
-1548 -49 398
-1505 224 425
-1453 50 419
-1439 77 401
-1423 95 385
-1427 117 351
-1454 113 355
-1452 74 335
-1447 49 330
-1434 13 315
-1447 21 291
-1457 7 280
-1463 -7 260
-1466 5 245
-1495 18 243
-1484 45 221
-1497 77 186
-1477 72 163
-1443 71 156
-1436 53 136
-1443 45 114
-1440 43 109
-1433 40 113
-1458 47 102
-1478 57 110
-1480 72 120
-1464 71 107
-1458 62 85
-1438 56 72
-1410 50 65
-1395 63 79
-1403 80 90
-1421 84 100
-1405 96 102
-1407 85 120
-1386 81 98
-1384 79 100
-1402 73 113
-1396 79 115
-1400 81 126
-1397 65 134
-1407 80 124
-1452 80 143
-1461 90 153
-1455 85 150
-1432 65 147
-1424 56 168
-1435 51 164
-1428 62 166
-1425 78 175
-1436 68 179
-1439 71 175
-1426 66 193
-1436 86 193
-1436 68 201
-1448 78 196
-1441 62 197
-1442 58 192
-1439 51 183
-1468 31 182
-1456 40 174
-1462 65 190
-1464 66 193
-1461 77 197
-1454 70 175
-1447 62 183
-1438 67 176
-1441 79 181
-1448 95 177
-1444 109 183
-1439 78 182
-1446 79 179
-1445 80 187
-1450 65 179
-1441 70 184
-1448 77 177
-1450 95 181
-1451 92 173
-1438 83 170
-1443 83 171
-1447 81 164
-1446 70 170
-1437 67 167
-1441 74 177
-1424 68 168
-1421 76 168
-1426 83 163
-1418 88 174
-1420 76 178
-1423 77 166
-1423 78 176
-1419 76 176
-1424 71 177
-1420 79 178
-1428 82 172
-1414 49 172
-1410 50 178
-1414 66 167
-1448 91 159
-1456 98 164
-1452 73 156
-1472 52 165
-1465 -20 182
-1457 -54 192
-1434 -33 230
-1439 49 248
-1439 56 268
-1430 74 257
-1443 46 275
-1487 -55 345
-1565 -115 370
-1560 -147 374
-1544 -178 385
-1531 -166 409
-1474 -109 446
-1460 -90 451
-1447 -64 418
-1436 -86 390
-1466 -100 432
-1463 -193 448
-1458 -243 445
-1451 -283 460
-1469 -280 456
-1476 -227 424
-1476 -214 401
-1467 -203 394
-1459 -154 414
-1432 -159 439
-1426 -135 486
-1442 -91 497
-1454 -149 468
-1474 -177 417
-1448 -185 405
-1427 -233 430
-1417 -252 477
-1417 -188 501
-1429 -179 505
-1425 -212 479
-1406 -204 444
-1411 -202 426
-1393 -184 428
-1378 -199 441
-1348 -219 454
-1329 -227 462
-1355 -152 437
-1395 -95 419
-1404 -34 420
-1387 -33 449
-1336 -77 466
-1223 -96 465
-1188 -92 470
-1184 -49 439
-1176 -31 406
-1167 -1 363
-1165 11 343
-1168 22 300
-1228 58 302
-1253 92 283
-1300 113 283
-1290 131 274
-1325 164 258
-1301 176 253
-1288 171 234
-1257 121 240
-1231 102 231
-1209 100 211
-1213 108 213
-1218 167 227
-1221 184 232
-1233 193 263
-1286 168 262
-1295 146 236
-1315 101 222
-1316 96 211
-1329 78 215
-1394 45 234
-1406 -1 267
-1454 -6 264
-1482 -18 288
-1555 -18 284
-1576 -6 282
-1597 13 280
-1651 -16 283
-1635 9 289
-1666 1 295
-1684 18 301
-1786 75 307
-1811 97 295
-1836 107 320
-1848 82 312
-1870 66 350
-1844 26 374
-1804 -9 391
-1694 -44 392
-1678 -62 385
-1718 11 381
-1767 60 385
-1800 150 418
-1873 169 440
-1854 185 487
-1644 132 461
-1499 76 433
-1282 11 347
-1213 -16 313
-1169 -23 244
-1151 -27 215
-1174 253 193
-1254 53 167
-1300 67 174
-1396 71 194
-1466 48 241
-1480 -33 252
-1474 -85 229
-1475 -131 158
-1534 -187 115
-1553 -201 86
-1664 -170 52
-1704 -174 45
-1705 -172 38
-1728 -151 49
-1740 -71 112
-1718 -6 129
-1718 87 101
-1669 197 96
-1685 196 89
-1710 138 128
-1691 55 155
-1734 -122 162
-1726 -120 139
-1708 -101 169
-1701 -45 161
-1686 -26 140
-1630 -6 118
-1603 24 124
-1561 23 148
-1495 41 171
-1480 40 248
-1446 60 249
-1419 54 255
-1383 62 253
-1340 50 272
-1301 64 260
-1327 93 234
-1436 158 190
-1613 256 231
-1560 252 259
-1323 144 306
-1214 100 308
-1149 34 265
-1096 45 228
-1120 93 216
-1128 135 223
-1152 144 210
-1192 163 230
-1263 158 254
-1516 135 306
-1297 138 309
-1290 159 297
-1283 224 304
-1278 242 283
-1217 257 264
-1179 271 232
-1160 256 226
-1159 247 236
-1185 160 283
-1286 99 280
-1339 82 318
-1409 120 345
-1442 117 353
-1486 141 333
-1496 146 334
-1505 123 302
-1509 94 298
-1524 60 376
-1565 14 401
-1568 1 415
-1596 30 408
-1600 56 414
-1617 100 430
-1605 119 425
-1598 111 423
-1581 149 424
-1577 150 414
-1553 125 406
-1547 103 404
-1506 87 401
-1468 66 386
-1471 42 326
-1634 43 309
-1746 87 311
-1931 120 348
-1961 94 422
-1927 -47 494
-1648 -148 459
-1499 -212 330
-1400 -218 262
-1422 -188 242
-1472 -105 210
-1483 -48 218
-1757 -6 239
-1595 -9 268
-1624 -256 285
-1547 -57 263
-1509 -87 219
-1433 -146 206
-1429 -162 203
-1439 -165 184
-1460 -135 179
-1513 -105 156
-1604 -56 154
-1643 -45 180
-1724 -41 146
-1730 -45 117
-1740 -61 73
-1746 -61 65
-1746 -71 68
-1772 -79 103
-1777 -45 145
-1835 83 149
-1845 115 120
-1814 153 70
-1773 182 28
-1738 176 -6
-1631 156 20
-1589 155 130
-1537 186 146
-1517 174 167
-1482 119 183
-1448 83 176
-1389 27 119
-1363 35 19
-1434 90 -1
-1585 204 62
-1551 209 140
-1340 172 293
-1200 107 356
-1094 22 409
-850 27 398
-856 30 306
-839 81 264
-869 101 227
-1069 145 230
-1178 188 239
-1299 210 320
-1434 233 345
-1436 229 395
-1427 173 404
-1397 164 402
-1300 114 382
-1233 76 360
-1194 69 348
-1176 83 308
-1206 70 353
-1288 29 386
-1349 -13 409
-1431 -83 408
-1452 -68 401
-1470 -50 352
-1460 -33 327
-1495 -38 316
-1504 -51 307
-1518 -45 316
-1541 -75 395
-1566 -106 438
-1595 -96 437
-1626 -127 431
-1609 -116 380
-1629 -74 387
-1643 -48 380
-1663 -54 397
-1635 -73 395
-1623 -40 390
-1586 -8 407
-1559 -40 375
-1544 -47 380
-1507 -23 359
-1490 -1 309
-1490 36 306
-1537 67 277
-1686 97 270
-1747 170 334
-1730 94 346
-1633 19 304
-1436 -94 263
-1400 -76 211
-1422 -3 165
-1451 37 146
-1451 154 113
-1468 184 102
-1460 193 88
-1442 233 61
-1416 229 33
-1425 222 -33
-1427 206 -47
-1395 155 -53
-1351 114 -50
-1329 95 -1
-1315 46 1
-1340 30 34
-1380 35 63
-1408 23 51
-1417 27 50
-1483 38 58
-1497 61 54
-1494 71 68
-1444 56 74
-1369 26 88
-1344 20 90
-1324 16 95
-1365 13 103
-1404 55 94
-1449 59 94
-1461 94 95
-1455 98 61
-1463 91 39
-1468 108 43
-1500 105 61
-1510 130 122
-1560 212 149
-1571 246 167
-1522 258 174
-1465 253 164
-1422 193 156
-1336 164 163
-1302 148 164
-1305 104 155
-1320 93 153
-1379 105 162
-1386 130 174
-1401 125 158
-1435 132 162
-1426 121 142
-1433 132 153
-1430 148 155
-1441 151 166
-1466 142 180
-1504 157 199
-1514 150 182
-1506 113 184
-1491 119 159
-1500 112 160
-1455 100 171
-1450 97 159
-1452 90 173
-1446 87 194
-1455 86 181
-1440 63 168
-1442 61 176
-1454 64 186
-1455 72 185
-1459 79 184
-1472 66 177
-1471 59 168
-1464 56 165
-1457 72 156
-1456 64 154
-1462 77 150
-1464 78 139
-1461 76 136
-1448 74 121
-1448 73 133
-1453 70 116
-1449 80 126
-1440 69 114
-1430 52 113
-1429 54 120
-1433 38 123
-1446 44 118
-1436 25 117
-1436 21 107
-1444 32 111
-1428 25 120
-1427 28 108
-1430 30 114
-1444 33 120
-1441 55 126
-1436 52 134
-1429 65 132
-1429 65 127
-1435 82 141
-1434 74 150
-1437 75 155
-1433 57 147
-1416 70 149
-1426 73 132
-1452 89 149
-1455 93 128
-1464 90 147
-1464 82 136
-1450 78 139
-1453 62 124
-1454 67 116
-1432 65 122
-1452 78 126
-1479 52 147
-1463 44 153
-1474 36 154
-1487 32 153
-1482 39 148
-1455 21 139
-1438 18 145
-1415 10 152
-1408 26 170
-1415 46 148
-1423 41 162
-1412 34 149
-1419 42 149
-1428 40 163
-1472 74 170
-1481 86 170
-1471 90 150
-1458 111 150
-1464 107 146
-1472 125 152
-1471 145 128
-1485 161 133
-1482 163 135
-1481 167 128
-1487 165 125
-1481 168 115
-1476 175 109
-1461 166 100
-1425 152 69
-1418 164 67
-1417 141 70
-1400 131 93
-1397 149 78
-1393 143 85
-1402 146 76
-1415 125 77
-1413 117 88
-1428 70 112
-1432 71 105
-1436 63 106
-1439 61 118
-1436 62 128
-1434 60 154
-1450 45 162
-1458 23 182
-1471 9 187
-1463 -4 184
-1450 11 175
-1431 -4 180
-1395 5 189
-1397 -7 212
-1395 -22 208
-1388 -29 196
-1381 -51 202
-1364 -56 208
-1369 -64 219
-1417 -76 234
-1430 -82 226
-1438 -96 228
-1435 -79 223
-1447 -48 218
-1425 -53 217
-1412 -21 225
-1415 -51 214
-1408 -72 227
-1418 -80 239
-1423 -93 231
-1422 -62 219
-1426 -61 219
-1426 -61 229
-1419 -42 223
-1425 -48 236
-1416 -63 246
-1422 -73 233
-1437 -57 218
-1452 -58 199
-1470 -42 178
-1506 -40 161
-1526 -49 118
-1549 -36 96
-1552 -33 96
-1529 -46 88
-1505 -58 75
-1483 -82 68
-1456 -86 42
-1450 -111 34
-1462 -145 33
-1471 -150 31
-1476 -178 32
-1484 -196 38
-1497 -216 46
-1509 -210 32
-1505 -192 28
-1504 -189 35
-1500 -167 36
-1497 -159 51
-1506 -165 54
-1512 -172 81
-1493 -195 80
-1505 -203 107
-1470 -205 108
-1456 -209 111
-1456 -184 130
-1449 -169 142
-1456 -145 147
-1431 -155 153
-1414 -156 163
-1417 -152 157
-1408 -152 150
-1393 -155 150
-1370 -158 129
-1380 -151 147
-1391 -157 163
-1399 -164 170
-1420 -189 166
-1427 -199 148
-1437 -200 157
-1441 -234 165
-1436 -252 197
-1413 -239 205
-1423 -200 216
-1428 -176 237
-1441 -160 240
-1443 -148 237
-1427 -155 225
-1398 -188 219
-1389 -206 240
-1382 -198 249
-1395 -174 276
-1406 -141 270
-1401 -131 257
-1395 -121 236
-1435 -53 234
-1461 -24 237
-1473 14 221
-1503 22 216
-1505 25 210
-1480 29 204
-1450 40 202
-1395 47 193
-1385 62 178
-1388 76 169
-1378 62 168
-1383 65 170
-1407 38 177
-1421 49 182
-1412 43 173
-1412 26 181
-1403 34 179
-1407 37 182
-1427 31 192
-1436 51 205
-1439 54 202
-1434 55 200
-1445 67 204
-1445 64 191
-1466 65 200
-1441 76 204
-1461 39 202
-1445 52 184
-1451 37 187
-1467 31 186
-1461 26 179
-1479 22 183
-1485 21 173
-1482 14 165
-1477 19 169
-1472 27 171
-1483 41 172
-1479 48 186
-1474 68 185
-1473 92 169
-1474 86 167
-1471 92 154
-1451 84 146
-1449 79 134
-1445 70 130
-1447 49 117
-1433 46 126
-1432 46 109
-1439 43 95
-1439 46 85
-1444 39 93
-1439 55 89
-1429 57 100
-1428 52 92
-1421 49 88
-1423 48 85
-1446 47 87
-1446 56 80
-1453 53 88
-1466 49 94
-1460 57 90
-1477 47 88
-1456 50 85
-1425 38 87
-1419 32 80
-1422 42 85
-1415 51 99
-1412 39 92
-1416 49 107
-1423 43 94
-1431 51 104
-1444 56 103
-1435 57 95
-1433 73 94
-1455 68 104
-1439 53 117
-1440 61 141
-1432 100 151
-1421 106 139
-1405 119 127
-1387 126 134
-1390 91 129
-1369 68 142
-1388 70 142
-1372 65 136
-1375 64 130
-1373 75 124
-1385 75 130
-1427 106 147
-1447 117 160
-1458 116 170
-1453 93 163
-1460 119 190
-1492 132 193
-1487 143 232
-1514 145 309
-1523 148 337
-1519 160 371
-1503 169 376
-1521 149 379
-1505 67 385
-1503 33 390
-1502 -64 396
-1504 -92 385
-1503 -94 375
-1487 -80 382
-1489 -61 349
-1449 -31 345
-1436 -15 348
-1380 -4 324
-1378 5 307
-1339 10 299
-1331 44 323
-1320 64 311
-1352 21 315
-1369 -1 315
-1372 -12 309
-1382 -26 367
-1395 -83 472
-1456 -150 497
-1492 -196 457
-1544 -194 461
-1556 -185 746
-1553 -200 531
-1555 -186 558
-1539 -164 559
-1525 -137 547
-1512 -140 525
-1467 -107 499
-1445 -143 495
-1523 -147 492
-1576 -167 502
-1637 -150 525
-1614 -175 526
-1593 -238 519
-1594 -190 513
-1584 -175 475
-1569 -193 477
-1548 -188 489
-1468 -214 498
-1380 -219 510
-1308 -205 451
-1280 -146 404
-1301 -87 314
-1339 16 289
-1356 29 273
-1332 -4 256
-1303 -48 255
-1269 -101 237
-1205 -114 227
-1163 -113 205
-1113 -61 181
-1103 -28 173
-1097 19 131
-1100 38 120
-1112 58 97
-1103 39 101
-1112 36 86
-1124 60 81
-1131 51 78
-1177 84 77
-1205 81 70
-1210 72 70
-1226 73 61
-1225 65 58
-1266 94 49
-1291 95 50
-1350 118 55
-1376 142 78
-1416 153 67
-1498 179 74
-1570 155 65
-1686 173 73
-1723 154 75
-1851 122 81
-1903 110 79
-1951 66 87
-2057 23 109
-2084 34 145
-2081 -41 169
-2067 -69 177
-2154 -6 109
-2323 35 95
-2482 165 167
-2447 148 155
-2308 109 164
-2011 88 214
-1762 53 280
-1328 -86 254
-1217 -126 278
-1160 -159 308
-1179 -148 309
-1213 -123 273
-1353 -127 237
-1427 -120 153
-1550 -81 151
-1582 -26 152
-1520 -2 252
-1451 -1 285
-1345 -13 329
-1143 -29 316
-1070 -59 297
-1020 -101 267
-1004 -112 287
-1026 -103 307
-1046 -80 315
-1073 -30 348
-1155 -28 373
-1194 -15 389
-1264 -34 387
-1278 -47 372
-1350 -6 381
-1395 20 369
-1436 62 351
-1515 68 353
-1587 73 420
-1688 62 451
-1721 46 474
-1764 35 493
-1781 69 504
-1771 143 477
-1798 181 466
-1802 181 411
-1802 192 407
-1789 167 403
-1814 146 324
-1898 152 289
-2285 192 301
-2248 188 310
-2228 145 355
-2143 -11 358
-1941 -82 363
-1614 -113 284
-1523 -107 224
-1487 -8 93
-1577 79 57
-1642 150 51
-1767 166 57
-1706 202 110
-1732 186 57
-1578 125 45
-1573 170 31
-1485 168 7
-1414 130 -11
-1300 137 -21
-1263 152 -49
-1188 157 -44
-1158 138 -41
-1102 136 -2
-1099 148 6
-1091 132 -7
-1046 114 -16
-1042 99 -17
-1028 74 -11
-1012 71 5
-1016 78 24
-1011 67 33
-1039 123 51
-1086 143 58
-1106 144 97
-1172 136 121
-1216 122 128
-1267 44 171
-1350 87 214
-1366 60 220
-1439 91 235
-1457 99 256
-1546 105 268
-1572 122 282
-1608 104 309
-1628 79 310
-1656 125 271
-1849 177 229
-2025 161 194
-2359 215 223
-2416 232 256
-2238 26 347
-2022 -74 381
-1588 -147 393
-1573 -157 375
-1485 -149 286
-1470 -110 239
-1525 -77 219
-1672 -24 218
-1718 -34 206
-1742 -41 244
-1729 -18 251
-1683 -13 294
-1535 -19 307
-1427 -33 319
-1273 -92 325
-1226 -102 330
-1173 -95 320
-1164 -91 322
-1168 -59 350
-1195 -34 356
-1217 -26 358
-1262 -16 348
-1291 10 340
-1332 42 345
-1346 39 354
-1362 38 353
-1364 24 362
-1391 33 395
-1400 39 387
-1398 42 406
-1409 38 406
-1423 50 416
-1438 91 402
-1494 125 390
-1534 153 370
-1588 194 342
-1622 199 328
-1691 208 317
-1718 177 303
-1726 155 294
-1721 138 276
-1707 137 239
-1649 131 210
-1647 135 166
-1751 159 146
-1807 159 144
-1884 148 130
-2037 137 163
-2066 126 240
-1860 4 224
-1756 -61 202
-1576 -74 127
-1506 -72 90
-1446 -30 26
-1446 -26 10
-1487 -16 29
-1654 -31 44
-1719 -6 67
-1668 12 74
-1660 21 70
-1643 52 41
-1544 25 14
-1533 66 -1
-1412 98 6
-1388 101 22
-1330 66 19
-1318 93 3
-1305 75 0
-1290 72 8
-1301 89 23
-1249 81 7
-1236 90 20
-1238 84 17
-1236 85 16
-1260 74 26
-1273 86 43
-1275 98 43
-1293 113 66
-1302 122 68
-1284 110 43
-1285 96 46
-1292 95 44
-1297 76 57
-1310 43 77
-1330 34 92
-1359 14 93
-1391 1 118
-1414 18 122
-1440 62 169
-1448 71 179
-1460 88 145
-1477 97 134
-1505 109 109
-1540 113 116
-1546 104 158
-1597 45 150
-1639 0 132
-1722 26 105
-1889 56 66
-2022 -246 109
-1976 -36 123
-1902 -71 139
-1718 -163 130
-1644 -210 154
-1619 -155 175
-1534 -146 159
-1558 -173 206
-1652 -172 237
-1690 -153 262
-1725 -125 268
-1690 -117 261
-1624 -82 224
-1611 -55 240
-1597 52 256
-1579 84 266
-1576 80 291
-1480 56 303
-1441 31 303
-1391 -34 335
-1380 -49 343
-1365 -28 349
-1360 -28 356
-1355 -14 362
-1357 31 349
-1339 50 347
-1312 93 327
-1309 109 324
-1318 110 329
-1326 103 328
-1342 95 315
-1337 70 304
-1361 67 288
-1440 62 284
-1455 77 255
-1485 52 210
-1533 76 178
-1574 93 137
-1663 43 153
-1771 78 202
-1771 76 206
-1721 45 187
-1719 47 113
-1657 47 92
-1644 68 60
-1637 85 63
-1672 106 64
-1709 160 70
-1713 190 48
-1684 207 24
-1600 181 -13
-1577 186 -43
-1516 197 -54
-1459 175 -44
-1440 90 -25
-1477 102 -20
-1456 127 18
-1429 87 -4
-1386 85 -22
-1351 81 -33
-1354 74 -35
-1371 89 -31
-1357 113 -22
-1333 122 7
-1315 136 26
-1302 147 33
-1291 145 43
-1300 142 71
-1297 133 97
-1333 135 133
-1365 142 164
-1383 121 163
-1406 128 143
-1408 112 147
-1423 100 195
-1443 43 230
-1438 23 241
-1496 -25 252
-1508 -31 265
-1493 -15 250
-1491 -23 255
-1512 -25 259
-1507 -24 262
-1510 -40 271
-1524 -23 302
-1525 -40 336
-1525 -37 358
-1533 -37 380
-1521 -21 360
-1516 2 347
-1494 9 342
-1514 -5 329
-1480 -10 311
-1479 -22 300
-1480 -45 290
-1461 -41 271
-1458 -75 265
-1459 -65 255
-1454 -89 235
-1444 -68 227
-1454 -57 212
-1468 -45 196
-1442 -29 178
-1439 -16 170
-1453 -24 173
-1452 -17 155
-1457 -7 159
-1446 -12 139
-1453 13 132
-1448 16 130
-1428 11 132
-1449 16 139
-1445 36 149
-1428 41 127
-1409 58 140
-1409 72 138
-1411 98 139
-1415 104 148
-1410 112 145
-1404 109 147
-1410 108 155
-1396 84 149
-1411 85 149
-1412 74 150
-1411 84 155
-1414 79 148
-1430 78 154
-1426 76 170
-1452 91 176
-1449 90 165
-1451 87 179
-1449 75 180
-1458 70 183
-1452 50 185
-1460 43 193
-1453 47 177
-1449 40 185
-1444 33 178
-1445 23 185
-1451 21 176
-1445 32 183
-1445 17 172
-1443 28 193
-1454 24 187
-1455 26 179
-1457 34 184
-1467 33 184
-1453 51 189
-1444 39 177
-1429 26 182
-1446 28 170
-1436 30 175
-1430 38 172
-1434 50 171
-1436 31 178
-1431 50 174
-1434 64 153
-1437 74 157
-1449 68 158
-1446 72 163
-1438 76 159
-1434 77 150
-1440 87 151
-1427 87 153
-1429 93 161
-1428 75 155
-1427 80 145
-1433 83 161
-1427 79 162
-1424 72 148
-1430 73 157
-1434 68 163
-1431 68 162
-1451 78 141
-1433 58 172
-1442 55 170
-1445 60 162
-1444 56 156
-1443 58 168
-1446 53 169
-1449 56 172
-1437 29 186
-1443 36 168
-1432 43 164
-1451 41 166
-1454 49 176
-1442 38 161
-1440 51 156
-1434 54 159
-1446 53 151
-1449 49 167
-1436 51 155
-1445 53 158
-1436 65 154
-1435 71 156
-1438 71 149
-1464 71 151
-1460 65 148
-1466 61 153
-1453 63 152
-1439 64 149
-1440 68 143
-1434 73 153
-1421 48 154
-1413 59 144
-1404 51 162
-1413 59 156
-1424 68 152
-1413 76 154
-1405 88 162
-1408 75 157
-1394 76 159
-1389 87 158
-1407 78 131
-1410 92 132
-1418 80 135
-1420 78 134
-1433 77 131
-1431 70 138
-1438 67 133
-1450 59 135
-1442 67 145
-1431 58 137
-1454 33 159
-1462 36 159
-1473 25 165
-1479 10 165
-1497 245 175
-1481 9 172
-1469 7 169
-1471 -3 155
-1467 -13 159
-1451 -49 154
-1426 -47 138
-1433 -52 126
-1414 -96 120
-1413 -109 124
-1419 -135 107
-1431 -153 112
-1461 -183 109
-1503 -182 106
-1517 -184 106
-1513 -188 99
-1526 -179 103
-1533 -157 84
-1535 -144 90
-1528 -116 66
-1530 -79 49
-1532 -70 34
-1507 -73 30
-1509 -77 -3
-1494 -94 -22
-1475 -119 -39
-1477 -124 -32
-1477 -140 -40
-1484 -146 -36
-1485 -145 -28
-1508 -143 -32
-1522 -127 -42
-1532 -129 -14
-1532 -93 -15
-1532 -82 -17
-1515 -48 -9
-1475 -29 -15
-1463 -4 -1
-1448 18 13
-1429 17 -9
-1419 -20 7
-1435 -46 4
-1452 -82 -13
-1468 -106 -18
-1475 -103 -24
-1518 -111 -32
-1526 -111 -36
-1528 -128 -19
-1504 -123 -6
-1499 -116 -7
-1469 -108 -32
-1469 -96 -14
-1481 -76 -23
-1490 -77 -18
-1440 -119 6
-1425 -117 -8
-1442 -129 -20
-1427 -127 -24
-1416 -111 -31
-1410 -74 -28
-1422 -61 -24
-1420 -41 11
-1446 -33 12
-1441 -33 18
-1440 -32 29
-1444 -16 13
-1460 -22 23
-1467 -12 17
-1491 -17 20
-1486 -20 23
-1494 -19 17
-1509 -27 19
-1498 -13 8
-1485 8 1
-1499 6 1
-1498 21 1
-1502 25 4
-1500 44 14
-1521 40 8
-1527 62 10
-1515 68 8
-1528 66 10
-1487 74 13
-1479 57 18
-1460 63 -7
-1458 66 -3
-1462 74 -24
-1451 92 -10
-1439 83 -24
-1425 86 -20
-1429 103 -39
-1428 125 -10
-1435 134 -22
-1420 138 -18
-1436 147 -8
-1426 155 -3
-1450 155 7
-1466 150 13
-1481 157 30
-1501 161 42
-1501 170 56
-1514 176 57
-1500 172 71
-1499 152 62
-1497 162 61
-1455 149 56
-1435 164 60
-1410 148 63
-1341 117 57
-1353 111 85
-1364 137 93
-1398 164 119
-1390 174 106
-1391 176 94
-1379 114 113
-1394 102 117
-1405 29 131
-1451 8 139
-1477 0 142
-1540 -25 134
-1560 -37 141
-1595 -42 125
-1590 -36 102
-1597 -18 107
-1557 -10 101
-1541 10 72
-1524 40 82
-1498 61 96
-1476 82 94
-1448 64 82
-1425 46 85
-1410 61 83
-1403 61 88
-1423 51 70
-1428 48 82
-1424 53 79
-1417 55 90
-1423 71 96
-1431 76 96
-1438 70 101
-1433 77 112
-1442 68 110
-1442 49 122
-1441 49 127
-1427 36 131
-1432 36 130
-1450 51 133
-1448 40 139
-1468 57 140
-1443 46 144
-1449 53 143
-1453 49 131
-1437 28 134
-1448 45 134
-1458 40 143
-1449 30 125
-1447 18 135
-1441 17 134
-1444 7 148
-1444 2 158
-1459 19 144
-1468 30 152
-1451 39 147
-1476 28 145
-1473 33 148
-1483 60 170
-1476 55 159
-1472 60 159
-1463 68 161
-1463 73 160
-1454 77 149
-1453 66 159
-1426 53 161
-1407 48 144
-1388 50 160
-1393 79 169
-1400 88 167
-1406 116 173
-1414 128 161
-1451 157 148
-1467 163 141
-1466 155 155
-1462 157 175
-1446 144 180
-1384 97 161
-1368 94 150
-1401 103 141
-1420 137 133
-1438 132 151
-1503 153 133
-1521 148 168
-1502 107 184
-1449 98 177
-1382 53 188
-1324 50 170
-1047 53 147
-1268 58 138
-1283 72 150
-1312 86 159
-1339 95 146
-1345 91 151
-1327 79 136
-1291 70 133
-1292 61 137
-1306 70 171
-1357 129 155
-1392 154 147
-1354 145 139
-1322 132 134
-1348 96 142
-1385 97 159
-1437 113 169
-1600 145 186
-1664 184 188
-1715 190 182
-1701 168 173
-1724 118 154
-1761 104 149
-1789 90 185
-1826 86 205
-1843 87 302
-1861 89 345
-1814 35 411
-1626 28 383
-1592 18 369
-1604 102 358
-1637 142 354
-1660 167 354
-1581 164 348
-1488 137 326
-1310 75 251
-1259 56 212
-1274 53 164
-1286 37 170
-1329 18 185
-1458 -33 180
-1513 -57 189
-1584 -89 182
-1610 -105 173
-1621 -102 154
-1618 -93 145
-1603 -55 85
-1624 15 78
-1636 63 86
-1661 129 85
-1659 80 76
-1644 35 96
-1682 2 103
-1701 -21 115
-1673 -57 97
-1642 -60 75
-1560 -40 41
-1514 -43 34
-1480 -17 30
-1394 19 25
-1376 49 41
-1326 65 42
-1293 67 57
-1260 95 74
-1247 102 88
-1246 128 96
-1237 148 98
-1245 144 54
-1224 141 65
-1233 131 67
-1219 110 64
-1215 95 59
-1204 62 102
-1171 65 115
-1183 59 96
-1287 112 63
-1429 149 35
-1621 228 41
-1663 207 59
-1672 190 136
-1593 165 186
-1485 118 215
-1271 95 211
-1262 146 195
-1339 164 169
-1436 180 163
-1608 180 180
-1655 145 200
-1699 91 240
-1679 80 270
-1639 90 281
-1552 128 290
-1478 166 2
-1369 215 229
-1331 242 218
-1312 224 216
-1322 188 220
-1358 149 216
-1426 127 247
-1437 125 246
-1471 92 254
-1472 79 245
-1504 56 260
-1537 44 274
-1543 68 314
-1572 74 337
-1578 86 343
-1571 96 347
-1571 102 346
-1576 89 348
-1609 84 338
-1613 80 366
-1575 57 360
-1576 52 386
-1562 64 387
-1543 70 396
-1514 92 385
-1461 95 380
-1433 99 340
-1516 118 317
-1641 140 331
-1958 216 369
-2114 221 435
-2087 135 525
-1840 10 492
-1577 -228 320
-1257 -241 238
-1157 -243 68
-1122 -214 70
-1213 -131 84
-1469 93 167
-1688 140 219
-1852 163 210
-1943 119 188
-1886 51 108
-1767 -95 79
-1735 -161 52
-1699 -174 1
-1691 -160 -27
-1691 -119 1
-1747 -100 -5
-1765 -78 1
-1826 -35 0
-1818 -38 -23
-1747 -34 -65
-1720 -28 -76
-1684 -13 -77
-1609 14 -71
-1578 25 -79
-1503 54 -85
-1482 76 -77
-1427 89 -74
-1382 99 -76
-1359 132 -57
-1288 136 -37
-1257 150 5
-1191 164 26
-1150 161 52
-1094 164 52
-1070 159 27
-1049 142 55
-1042 149 80
-1026 157 129
-1052 140 86
-1139 179 76
-1365 224 102
-1397 216 91
-1509 219 130
-1556 228 207
-1527 202 265
-1355 154 277
-1324 144 303
-1280 180 294
-1308 173 254
-1449 199 182
-1580 164 170
-1668 228 197
-1825 184 214
-1849 181 252
-1872 187 239
-1872 183 257
-1708 177 282
-1651 182 250
-1608 134 216
-1555 84 222
-1543 76 205
-1534 69 222
-1581 28 237
-1585 66 267
-1579 47 267
-1588 45 300
-1610 105 297
-1627 99 308
-1599 84 309
-1592 78 329
-1547 53 345
-1527 43 343
-1495 3 335
-1478 7 347
-1474 15 326
-1445 14 331
-1435 27 309
-1450 67 318
-1467 81 334
-1457 86 355
-1437 96 359
-1464 110 351
-1491 132 329
-1519 144 320
-1562 158 291
-1581 144 258
-1737 167 230
-1853 167 210
-2016 179 262
-2190 142 306
-2043 59 208
-1608 -105 153
-1431 -132 93
-1192 -99 14
-1140 -78 -5
-1125 1 6
-1198 47 47
-1310 102 104
-1474 127 91
-1533 86 -208
-1576 -1 -65
-1592 -17 -116
-1577 -71 -162
-1674 -66 -128
-1735 -73 -38
-1721 -61 -25
-1690 -108 30
-1698 -140 31
-1735 -93 29
-1722 57 -12
-1661 116 -74
-1639 111 -14
-1599 112 -16
-1534 53 5
-1499 -31 73
-1485 -23 60
-1470 -93 80
-1397 -97 54
-1388 -98 41
-1390 -93 34
-1361 -98 50
-1368 -62 51
-1356 -29 54
-1339 -8 84
-1322 -11 104
-1313 -13 105
-1271 24 104
-1274 39 157
-1259 44 152
-1266 51 134
-1263 19 137
-1260 -8 146
-1249 -58 160
-1234 -55 177
-1238 -46 116
-1367 40 94
-1498 101 103
-1590 146 135
-1571 118 147
-1553 61 155
-1593 55 161
-1551 42 177
-1449 -22 137
-1469 1 164
-1408 19 141
-1421 -13 140
-1443 3 149
-1518 14 150
-1547 32 143
-1592 18 153
-1566 78 109
-1568 29 110
-1580 36 103
-1579 28 136
-1585 3 129
-1565 -24 151
-1580 -47 166
-1578 -53 177
-1597 -95 199
-1593 -47 214
-1623 -23 210
-1613 16 206
-1612 50 189
-1616 97 182
-1576 114 180
-1510 196 180
-1496 188 176
-1478 192 176
-1421 198 168
-1399 181 154
-1373 157 164
-1384 140 125
-1390 120 131
-1399 113 134
-1380 82 137
-1378 80 152
-1385 93 130
-1426 111 134
-1441 120 144
-1514 133 146
-1518 146 143
-1565 211 119
-1584 225 123
-1554 210 101
-1464 195 85
-1426 186 29
-1404 149 35
-1402 170 12
-1417 215 -12
-1416 247 -21
-1420 294 -22
-1426 303 -30
-1446 271 -48
-1442 230 -57
-1450 236 -66
-1460 234 -106
-1462 277 -118
-1457 267 -108
-1436 281 -95
-1390 3 -93
-1404 210 -83
-1426 196 -66
-1500 201 -71
-1491 201 -44
-1488 197 -48
-1444 204 -57
-1416 185 -52
-1392 216 -25
-1400 201 247
-1406 178 13
-1416 177 11
-1416 116 25
-1453 126 44
-1460 107 40
-1458 106 35
-1462 100 40
-1473 100 59
-1477 108 70
-1467 103 73
-1457 127 71
-1466 152 77
-1458 167 66
-1464 156 75
-1452 156 70
-1438 157 71
-1431 142 64
-1441 131 63
-1434 113 46
-1434 128 34
-1423 133 42
-1431 133 33
-1439 142 35
-1450 126 32
-1466 129 17
-1465 136 15
-1462 148 -1
-1455 136 8
-1435 132 11
-1438 134 -256
-1439 144 0
-1441 144 -1
-1432 147 1
-1451 148 -5
-1458 138 8
-1466 143 5
-1450 141 13
-1466 164 1
-1466 156 4
-1478 172 10
-1473 162 24
-1466 147 0
-1460 132 7
-1452 134 252
-1473 157 2
-1469 159 -6
-1463 187 7
-1466 204 16
-1473 206 5
-1463 229 -7
-1460 242 -255
-1455 224 -1
-1473 231 -22
-1476 236 -44
-1481 222 -35
-1473 210 -58
-1471 217 -70
-1462 195 -73
-1456 206 -80
-1454 198 -89
-1446 178 -65
-1448 169 -60
-1453 129 -28
-1456 135 -20
-1452 153 -6
-1491 190 -2
-1500 213 13
-1467 220 16
-1461 210 17
-1440 200 10
-1382 193 -3
-1380 177 1
-1373 143 4
-1365 131 12
-1367 104 40
-1386 102 53
-1400 99 53
-1401 104 67
-1407 88 73
-1412 75 69
-1424 85 75
-1469 85 96
-1485 86 113
-1489 72 133
-1481 79 121
-1467 66 128
-1402 70 131
-1370 67 113
-1342 66 94
-1335 75 90
-1325 50 76
-1328 46 67
-1348 42 64
-1425 11 80
-1464 20 88
-1500 -2 67
-1519 -10 55
-1570 -7 70
-1600 20 73
-1619 21 97
-1663 34 101
-1681 53 95
-1708 71 109
-1714 72 106
-1685 79 83
-1645 76 96
-1588 57 94
-1510 58 79
-1454 63 59
-1403 50 51
-1375 29 42
-1334 42 25
-1332 46 16
-1329 65 -18
-1359 55 -33
-1362 55 -72
-1398 27 -97
-1425 17 -124
-1447 -16 -132
-1461 -19 -140
-1473 -21 -122
-1493 -16 -116
-1485 -35 -117
-1494 -50 -119
-1511 -66 -124
-1492 -44 -126
-1505 -29 -125
-1472 -9 -108
-1459 -19 -80
-1478 -26 -42
-1489 -50 -42
-1481 -38 -31
-1437 -52 -16
-1403 -52 -19
-1376 -47 -19
-1368 -61 -19
-1385 -56 21
-1407 -53 27
-1413 -57 38
-1465 -87 33
-1461 -87 46
-1475 -78 63
-1490 -80 79
-1468 -79 111
-1459 -62 113
-1459 -71 95
-1490 -36 89
-1503 6 96
-1554 76 127
-1545 75 131
-1504 75 132
-1421 53 135
-1379 36 136
-1340 20 149
-1340 45 146
-1378 68 129
-1400 77 131
-1438 75 136
-1477 95 144
-1490 91 166
-1485 69 186
-1486 57 185
-1426 50 186
-1424 43 187
-1413 56 193
-1416 46 195
-1431 56 215
-1454 90 212
-1473 87 209
-1487 116 190
-1487 98 184
-1501 97 171
-1497 95 173
-1489 96 155
-1481 73 138
-1482 73 119
-1458 67 124
-1467 70 111
-1472 51 108
-1456 64 94
-1464 73 85
-1472 58 78
-1466 63 76
-1434 78 70
-1427 82 73
-1424 87 75
-1408 89 69
-1425 70 70
-1426 66 50
-1452 54 56
-1459 58 52
-1453 59 65
-1454 50 58
-1458 53 52
-1458 37 50
-1455 38 40
-1432 47 38
-1444 46 33
-1434 56 45
-1456 61 48
-1460 61 42
-1453 50 44
-1440 48 41
-1461 41 40
-1454 41 48
-1454 48 40
-1464 54 43
-1454 57 31
-1467 59 36
-1453 55 35
-1446 53 37
-1446 66 47
-1448 67 36
-1440 67 42
-1453 65 48
-1445 63 60
-1435 78 52
-1435 56 52
-1425 59 52
-1429 56 64
-1443 42 64
-1451 50 54
-1448 29 61
-1463 42 63
-1462 49 51
-1456 39 52
-1461 45 36
-1456 43 22
-1459 35 20
-1429 31 6
-1419 37 9
-1428 35 7
-1429 32 5
-1456 30 1
-1486 52 8
-1505 54 9
-1525 92 -6
-1521 91 -11
-1516 90 7
-1455 95 -4
-1451 93 40
-1448 78 54
-1434 80 83
-1393 87 98
-1379 90 97
-1359 106 109
-1304 125 89
-1293 154 48
-1380 203 55
-1465 237 56
-1579 264 88
-1589 257 101
-1591 152 115
-1535 109 123
-1517 72 133
-1472 44 130
-1452 64 133
-1415 137 134
-1394 170 142
-1400 224 158
-1385 230 175
-1400 209 171
-1407 172 159
-1396 153 170
-1394 91 183
-1386 76 171
-1377 60 202
-1357 61 214
-1355 78 198
-1374 88 199
-1378 79 198
-1388 128 198
-1384 134 183
-1403 138 171
-1426 154 169
-1453 153 160
-1492 135 168
-1490 143 179
-1490 133 168
-1495 125 164
-1505 113 161
-1501 107 178
-1488 106 184
-1450 100 199
-1444 95 199
-1497 114 199
-1572 143 213
-1715 129 308
-1747 108 343
-1764 40 399
-1798 30 441
-1776 17 448
-1720 38 428
-1698 55 411
-1540 110 403
-1435 88 383
-1363 50 308
-1402 61 285
-1462 74 289
-1643 19 294
-1720 -31 309
-1754 -80 271
-1736 -89 244
-1704 -81 190
-1600 -57 154
-1547 -15 110
-1455 26 93
-1419 44 97
-1364 110 107
-1321 107 101
-1311 92 81
-1300 78 74
-1292 76 63
-1289 41 60
-1276 40 58
-1290 20 62
-1304 32 55
-1310 23 49
-1304 16 47
-1298 24 45
-1306 60 44
-1309 71 55
-1299 96 82
-1287 107 71
-1294 134 54
-1336 151 31
-1330 159 37
-1363 166 64
-1362 155 91
-1391 124 11
-1529 188 -27
-1690 239 58
-1697 218 48
-1653 158 67
-1604 107 96
-1531 112 98
-1442 96 107
-1418 84 130
-1421 124 189
-1447 117 202
-1455 104 195
-1465 73 169
-1481 73 150
-1516 86 137
-1559 117 152
-1643 162 168
-1670 191 173
-1668 195 200
-1631 180 212
-1583 140 224
-1491 80 225
-1446 62 221
-1362 55 205
-1339 60 219
-1324 96 226
-1346 121 225
-1374 116 237
-1402 113 244
-1420 103 263
-1438 64 288
-1465 53 304
-1505 26 333
-1519 21 349
-1535 13 397
-1562 -14 418
-1584 -23 449
-1585 -16 491
-1589 -11 475
-1580 11 457
-1566 15 448
-1577 50 438
-1608 68 445
-1627 73 452
-1647 75 419
-1680 79 397
-1994 99 340
-1908 106 331
-2074 132 375
-2286 122 408
-2286 100 421
-2021 -48 347
-1849 -83 299
-1720 -70 197
-1551 -55 152
-1528 -37 96
-1596 54 69
-1659 80 59
-1790 56 93
-1860 37 126
-1908 22 124
-1913 -22 84
-1869 -27 -4
-1753 -45 -19
-1712 -38 -36
-1637 13 -83
-1636 25 -96
-1647 104 -69
-1664 115 -85
-1617 145 -62
-1607 134 -63
-1578 102 -73
-1505 100 -60
-1469 85 -65
-1404 83 -62
-1391 95 -71
-1367 104 -66
-1310 115 -65
-1286 113 -45
-1219 114 -33
-1185 107 -6
-1130 93 -7
-1110 95 -10
-1094 121 8
-1074 131 22
-1062 152 51
-1022 166 82
-1020 183 95
-1027 164 122
-1058 146 123
-1150 166 82
-1431 210 59
-1587 247 88
-1694 242 158
-1663 231 470
-1539 160 314
-1464 122 344
-1418 155 326
-1340 154 278
-1332 179 186
-1462 198 142
-1577 207 130
-1792 151 158
-1859 122 168
-1929 47 192
-2007 50 232
-2012 38 282
-1887 -5 282
-1801 -12 271
-1687 -24 248
-1668 -18 244
-1657 -22 242
-1661 -3 245
-1647 0 290
-1621 72 303
-1603 82 327
-1576 89 336
-1553 73 327
-1529 24 340
-1512 5 340
-1495 -12 380
-1481 -33 388
-1480 -36 411
-1494 -79 406
-1508 -66 427
-1526 -76 419
-1529 -55 405
-1527 -43 394
-1524 -26 396
-1517 11 402
-1538 45 423
-1546 41 423
-1517 66 398
-1482 70 394
-1464 64 342
-1510 83 328
-1591 113 324
-1793 133 330
-1894 138 329
-2028 140 361
-1940 77 347
-1830 -73 217
-1623 -87 172
-1560 -95 108
-1607 -52 128
-1719 -4 159
-1912 112 149
-1965 132 106
-1970 132 42
-1904 88 15
-1853 70 -4
-1786 50 -9
-1748 46 251
-1751 30 20
-1756 10 8
-1745 -29 -51
-1714 -34 -61
-1696 -14 -73
-1641 -9 -84
-1605 9 -92
-1556 12 -89
-1533 19 -80
-1502 7 -64
-1458 14 -62
-1435 50 -58
-1409 61 -65
-1388 71 -72
-1335 87 -57
-1311 68 -53
-1252 65 -36
-1194 52 -25
-1174 60 -1
-1118 65 -4
-1104 65 10
-1070 104 13
-1051 103 11
-1025 100 42
-1035 82 44
-1040 97 72
-1088 91 96
-1127 110 98
-1181 106 99
-1219 103 119
-1273 98 130
-1296 111 141
-1357 147 150
-1566 185 161
-1649 208 204
-1695 210 165
-1811 208 151
-2047 280 132
-2064 278 130
-1806 252 167
-1977 200 195
-1950 95 222
-1910 38 222
-1911 15 214
-1901 -42 199
-1881 -85 174
-1873 -97 146
-1848 -92 146
-1842 -91 139
-1853 -63 143
-1836 -29 171
-1788 3 192
-1766 -19 215
-1684 -67 259
-1609 -101 271
-1526 -147 285
-1414 -153 284
-1377 -143 301
-1319 -82 317
-1309 -31 315
-1305 57 328
-1287 98 304
-1291 152 312
-1324 169 311
-1309 192 321
-1271 141 316
-1273 90 298
-1325 38 284
-1348 13 283
-1391 -26 260
-1406 -35 241
-1394 -39 199
-1464 -30 170
-1495 -12 167
-1544 21 111
-1598 29 92
-1669 81 108
-1772 106 87
-1745 114 17
-1733 111 -5
-1727 154 -26
-1671 203 -56
-1694 207 -111
-1672 264 -187
-1640 293 -234
-1556 17 -255
-1489 272 -260
-1436 319 -283
-1392 331 -297
-1423 360 -297
-1415 408 -343
-1411 388 -342
-1424 371 -335
-1468 330 -305
-1452 314 -289
-1432 218 -247
-1444 218 -227
-1452 259 -176
-1490 264 -159
-1467 244 -136
-1404 251 -117
-1391 232 -81
-1395 198 -57
-1403 174 -45
-1449 102 15
-1496 83 33
-1496 52 71
-1520 38 81
-1521 51 94
-1500 31 83
-1487 35 99
-1474 34 111
-1469 49 108
-1472 61 129
-1463 66 149
-1462 62 131
-1456 6 140
-1454 15 141
-1474 14 121
-1483 15 124
-1498 27 123
-1487 42 115
-1476 48 111
-1460 34 119
-1463 37 107
-1435 37 97
-1441 30 85
-1431 13 95
-1431 28 83
-1440 8 79
-1440 19 67
-1434 24 71
-1424 28 68
-1441 17 65
-1444 31 66
-1446 46 54
-1447 50 57
-1430 25 47
-1438 17 64
-1449 14 67
-1455 4 62
-1448 26 55
-1446 27 66
-1451 22 61
-1461 29 71
-1452 27 76
-1453 23 97
-1449 26 86
-1441 18 87
-1448 24 92
-1449 21 88
-1451 30 94
-1446 28 103
-1448 17 113
-1458 11 102
-1449 7 103
-1470 11 102
-1465 7 119
-1463 16 120
-1458 13 110
-1448 8 118
-1449 8 108
-1448 8 98
-1453 3 114
-1460 27 111
-1466 16 104
-1441 19 101
-1453 23 93
-1450 7 100
-1456 27 85
-1442 13 96
-1450 25 101
-1450 30 98
-1448 23 95
-1460 30 100
-1456 37 96
-1445 28 96
-1457 35 89
-1453 44 95
-1457 32 93
-1461 30 85
-1455 39 89
-1459 42 91
-1442 18 80
-1464 33 95
-1455 25 95
-1451 37 99
-1434 33 82
-1454 32 97
-1446 25 95
-1448 28 80
-1445 19 80
-1441 22 83
-1454 18 86
-1451 21 78
-1459 12 89
-1459 31 78
-1443 19 88
-1432 22 74
-1436 19 66
-1445 20 88
-1451 24 84
-1447 30 72
-1443 39 67
-1446 23 76
-1439 8 90
-1461 15 90
-1447 24 91
-1437 20 103
-1448 22 93
-1451 16 112
-1458 21 95
-1462 21 107
-1460 36 98
-1454 44 109
-1457 33 102
-1453 48 100
-1450 42 103
-1461 32 100
-1457 30 117
-1440 18 111
-1445 12 117
-1448 20 112
-1451 36 117
-1447 36 110
-1461 17 118
-1460 12 121
-1470 20 110
-1467 16 107
-1474 24 101
-1468 20 94
-1464 7 92
-1463 4 111
-1457 6 116
-1458 8 107
-1453 10 99
-1457 25 98
-1456 30 93
-1455 28 86
-1448 35 94
-1433 33 88
-1445 29 81
-1442 24 86
-1449 25 86
-1457 22 85
-1459 16 99
-1443 32 89
-1445 32 96
-1450 40 110
-1441 43 99
-1436 30 99
-1437 52 105
-1445 54 105
-1440 55 104
-1447 43 108
-1443 40 111
-1445 37 117
-1446 54 115
-1446 35 127
-1448 52 138
-1443 64 147
-1447 86 162
-1449 94 171
-1445 88 172
-1500 41 201
-1513 -10 234
-1546 -69 233
-1548 -59 232
-1548 -57 239
-1531 -55 274
-1544 -74 285
-1540 -107 316
-1536 -119 301
-1541 -120 305
-1549 -131 294
-1553 -142 315
-1544 -158 291
-1526 -168 310
-1525 -176 328
-1520 -161 331
-1501 -181 335
-1477 -191 353
-1473 -181 349
-1464 -206 356
-1458 -225 372
-1496 -295 399
-1526 -315 418
-1496 -352 420
-1501 -345 423
-1485 -355 443
-1494 -356 455
-1469 -357 496
-1438 -398 518
-1434 -420 546
-1422 -467 609
-1447 -477 628
-1493 -517 637
-1492 -478 617
-1452 -449 652
-1431 -458 678
-1427 -444 697
-1379 -420 738
-1338 -399 777
-1332 -341 792
-1293 -308 818
-1255 -313 829
-1225 -303 828
-1198 -280 825
-1151 -251 836
-1120 -229 856
-1114 -175 854
-1092 -150 831
-1078 -137 859
-1030 -116 846
-994 -80 838
-902 -16 831
-861 6 827
-819 68 850
-795 70 871
-801 76 887
-746 185 888
-734 199 907
-750 186 941
-735 199 914
-706 235 907
-671 231 898
-635 207 930
-607 238 950
-621 294 982
-575 400 1014
-582 434 1033
-587 462 985
-606 467 972
-587 473 940
-541 447 945
-529 455 961
-497 497 948
-483 500 930
-411 507 954
-414 511 981
-434 514 976
-441 513 980
-463 518 997
-453 540 997
-460 573 1002
-451 620 1016
-438 632 1016
-426 619 988
-376 605 989
-379 589 1071
-427 534 1081
-429 572 1086
-427 578 1075
-421 612 1070
-395 679 1067
-374 681 1054
-372 676 1065
-361 694 1056
-347 686 1044
-345 675 1034
-342 660 1064
-361 692 1081
-361 713 1057
-345 735 1034
-325 741 1015
-317 735 1002
-292 723 1005
-285 708 1030
-298 694 1033
-298 712 1018
-291 712 999
-294 716 1014
-294 703 1257
-308 690 1030
-303 708 1046
-307 728 1041
-298 729 1041
-300 733 1020
-291 714 1019
-289 692 1025
-279 690 1035
-289 690 1024
-279 680 1039
-272 672 1033
-273 680 1055
-263 677 1051
-263 694 1050
-254 696 1055
-262 694 1062
-287 704 1073
-286 711 1064
-270 701 1070
-273 699 1089
-275 697 1068
-267 710 1068
-277 700 1061
-252 719 1072
-259 721 1052
-245 717 1069
-263 727 1056
-280 718 1056
-259 709 1061
-246 691 1066
-267 713 1073
-270 713 1059
-290 723 1052
-293 706 1061
-283 702 1075
-305 721 1080
-300 717 1083
-303 722 1072
-292 723 1086
-301 732 1089
-285 755 1091
-291 768 1075
-281 773 1067
-277 769 1017
-305 739 960
-270 754 938
-277 706 1015
-258 752 1012
-240 708 1038
-266 681 1044
-283 674 1050
-304 716 1059
-314 718 1066
-332 705 1090
-311 721 1102
-318 726 1122
-321 764 1118
-316 753 1076
-294 748 1058
-300 746 1038
-295 735 1034
-297 732 1038
-292 703 1026
-307 716 1027
-303 711 1053
-299 721 1048
-318 736 1049
-315 739 1041
-331 722 1048
-338 728 1061
-328 719 1055
-324 726 1059
-328 738 1047
-327 739 1041
-305 738 1052
-294 747 1063
-315 763 1062
-316 770 1054
-313 772 1046
-322 767 1038
-327 1022 1059
-333 770 1060
-328 750 1059
-330 751 1044
-329 737 1044
-339 769 1020
-322 748 1027
-313 752 1011
-303 759 1021
-296 762 1021
-303 762 1024
-316 760 1045
-306 738 1025
-314 752 1024
-304 757 1034
-314 770 1024
-312 763 1037
-318 753 1036
-322 752 1033
-326 741 1034
-322 737 1030
-325 745 1037
-320 736 1026
-319 756 1010
-295 755 1015
-313 751 1029
-319 743 1037
-313 760 1034
-304 763 1032
-307 750 1024
-304 750 1044
-307 776 1050
-328 790 937
-261 689 934
-307 664 990
-297 745 1042
-315 728 1039
-334 742 1070
-322 769 1074
-347 807 1049
-338 821 1044
-330 804 1049
-323 800 1063
-316 797 1071
-308 783 916
-323 765 854
-287 689 914
-249 750 946
-235 741 1060
-332 735 1107
-340 745 1113
-352 753 1050
-384 784 1033
-392 843 1020
-379 825 1038
-352 809 1041
-341 807 1020
-312 765 1041
-299 752 1033
-283 754 1034
-279 739 1017
-302 743 1011
-303 761 997
-304 768 982
-308 782 1004
-308 790 1012
-310 780 1026
-318 780 1033
-340 764 1021
-334 745 1023
-337 752 1011
-345 740 1009
-322 753 997
-321 761 1016
-311 771 1016
-294 767 1018
-303 775 1021
-300 777 1024
-319 771 1018
-312 780 1014
-320 794 1006
-329 799 1019
-335 807 1275
-324 808 1017
-328 823 1016
-326 791 1006
-326 789 1018
-327 774 1010
-333 782 1028
-327 789 996
-320 793 1019
-311 794 998
-310 787 1011
-315 778 987
-326 766 996
-320 775 990
-319 773 1004
-325 760 997
-324 757 999
-333 764 999
-332 757 986
-326 769 979
-312 760 989
-317 758 999
-307 755 1002
-314 763 1002
-309 762 996
-306 769 993
-303 769 1003
-330 760 999
-324 770 1006
-321 779 1011
-331 779 1016
-325 790 999
-322 781 997
-323 786 993
-314 775 1011
-339 772 1017
-344 764 1013
-331 774 1030
-338 804 1032
-327 806 1041
-329 795 1035
-342 786 1032
-339 781 1029
-341 774 1026
-336 765 1020
-330 773 1006
-324 786 1020
-323 779 1018
-328 774 1012
-326 772 1025
-315 776 1016
-327 779 1019
-336 772 1015
-347 759 1023
-343 768 1017
-348 755 1009
-328 766 1015
-332 757 1018
-327 761 1008
-334 759 1012
-339 758 1001
-321 764 989
-335 761 1006
-325 768 1012
-346 779 1003
-336 760 1015
-330 776 1000
-324 781 1002
-339 780 1000
-339 789 1013
-345 783 1017
-342 785 1014
-337 785 1012
-344 780 1026
-347 774 1017
-353 785 1008
-361 790 1023
-343 790 1020
-338 774 1026
-342 774 1036
-337 768 1040
-351 765 1027
-318 799 919
-379 755 894
-309
